<?xml version="1.0" encoding="UTF-8"?>
<!-- Generated by org.testng.reporters.JUnitReportReporter -->
<testsuite hostname="DESKTOP-63D9V6P" failures="0" tests="1" name="runner.TestRunner" time="20.845" errors="0" timestamp="2022-09-12T14:16:51 IST" skipped="0">
  <testcase classname="runner.TestRunner" name="runScenario" time="20.845"/>
  <system-out/>
</testsuite> <!-- runner.TestRunner -->
