<?xml version="1.0" encoding="UTF-8"?>
<!-- Generated by org.testng.reporters.JUnitReportReporter -->
<testsuite hostname="DESKTOP-63D9V6P" failures="0" tests="2" name="runner.TestRunner" time="115.927" errors="0" timestamp="2022-09-08T08:44:09 IST" skipped="0">
  <testcase classname="runner.TestRunner" name="runScenario" time="57.423"/>
  <system-out/>
  <testcase classname="runner.TestRunner" name="runScenario" time="58.504"/>
  <system-out/>
</testsuite> <!-- runner.TestRunner -->
